<?xml version="1.0" encoding="UTF-8"?>
<!-- Generated by org.testng.reporters.JUnitReportReporter -->
<testsuite hostname="odeal" failures="0" tests="1" name="com.migrosWeb.test.runner.TestRunner" time="0.164" errors="1" timestamp="2020-05-11T14:38:35 TRT" skipped="0">
  <testcase classname="com.migrosWeb.test.runner.TestRunner" name="feature" time="0.164">
    <error message="cucumber.runtime.CucumberException: Failed to instantiate class com.migrosWeb.test.stepdefs.Steps" type="cucumber.runtime.CucumberException">
      <![CDATA[cucumber.runtime.CucumberException: cucumber.runtime.CucumberException: Failed to instantiate class com.migrosWeb.test.stepdefs.Steps
at cucumber.api.testng.TestNGCucumberRunner.runCucumber(TestNGCucumberRunner.java:69)
at com.migrosWeb.test.runner.TestRunner.feature(TestRunner.java:38)
at java.base/jdk.internal.reflect.NativeMethodAccessorImpl.invoke0(Native Method)
at java.base/jdk.internal.reflect.NativeMethodAccessorImpl.invoke(NativeMethodAccessorImpl.java:62)
at java.base/jdk.internal.reflect.DelegatingMethodAccessorImpl.invoke(DelegatingMethodAccessorImpl.java:43)
at java.base/java.lang.reflect.Method.invoke(Method.java:566)
at org.testng.internal.MethodInvocationHelper.invokeMethod(MethodInvocationHelper.java:134)
at org.testng.internal.TestInvoker.invokeMethod(TestInvoker.java:597)
at org.testng.internal.TestInvoker.invokeTestMethod(TestInvoker.java:173)
at org.testng.internal.MethodRunner.runInSequence(MethodRunner.java:46)
at org.testng.internal.TestInvoker$MethodInvocationAgent.invoke(TestInvoker.java:816)
at org.testng.internal.TestInvoker.invokeTestMethods(TestInvoker.java:146)
at org.testng.internal.TestMethodWorker.invokeTestMethods(TestMethodWorker.java:146)
at org.testng.internal.TestMethodWorker.run(TestMethodWorker.java:128)
at java.base/java.util.ArrayList.forEach(ArrayList.java:1540)
at org.testng.TestRunner.privateRun(TestRunner.java:766)
at org.testng.TestRunner.run(TestRunner.java:587)
at org.testng.SuiteRunner.runTest(SuiteRunner.java:384)
at org.testng.SuiteRunner.runSequentially(SuiteRunner.java:378)
at org.testng.SuiteRunner.privateRun(SuiteRunner.java:337)
at org.testng.SuiteRunner.run(SuiteRunner.java:286)
at org.testng.SuiteRunnerWorker.runSuite(SuiteRunnerWorker.java:53)
at org.testng.SuiteRunnerWorker.run(SuiteRunnerWorker.java:96)
at org.testng.TestNG.runSuitesSequentially(TestNG.java:1187)
at org.testng.TestNG.runSuitesLocally(TestNG.java:1109)
at org.testng.TestNG.runSuites(TestNG.java:1039)
at org.testng.TestNG.run(TestNG.java:1007)
at org.apache.maven.surefire.testng.TestNGExecutor.run(TestNGExecutor.java:115)
at org.apache.maven.surefire.testng.TestNGDirectoryTestSuite.executeSingleClass(TestNGDirectoryTestSuite.java:129)
at org.apache.maven.surefire.testng.TestNGDirectoryTestSuite.execute(TestNGDirectoryTestSuite.java:113)
at org.apache.maven.surefire.testng.TestNGProvider.invoke(TestNGProvider.java:111)
at org.apache.maven.surefire.booter.ForkedBooter.invokeProviderInSameClassLoader(ForkedBooter.java:203)
at org.apache.maven.surefire.booter.ForkedBooter.runSuitesInProcess(ForkedBooter.java:155)
at org.apache.maven.surefire.booter.ForkedBooter.main(ForkedBooter.java:103)
Caused by: cucumber.runtime.CucumberException: Failed to instantiate class com.migrosWeb.test.stepdefs.Steps
at cucumber.runtime.java.DefaultJavaObjectFactory.cacheNewInstance(DefaultJavaObjectFactory.java:47)
at cucumber.runtime.java.DefaultJavaObjectFactory.getInstance(DefaultJavaObjectFactory.java:33)
at cucumber.runtime.java.JavaStepDefinition.execute(JavaStepDefinition.java:38)
at cucumber.runtime.StepDefinitionMatch.runStep(StepDefinitionMatch.java:37)
at cucumber.runtime.Runtime.runStep(Runtime.java:300)
at cucumber.runtime.model.StepContainer.runStep(StepContainer.java:44)
at cucumber.runtime.model.StepContainer.runSteps(StepContainer.java:39)
at cucumber.runtime.model.CucumberScenario.run(CucumberScenario.java:44)
at cucumber.runtime.model.CucumberFeature.run(CucumberFeature.java:165)
at cucumber.api.testng.TestNGCucumberRunner.runCucumber(TestNGCucumberRunner.java:63)
... 33 more
Caused by: java.lang.reflect.InvocationTargetException
at java.base/jdk.internal.reflect.NativeConstructorAccessorImpl.newInstance0(Native Method)
at java.base/jdk.internal.reflect.NativeConstructorAccessorImpl.newInstance(NativeConstructorAccessorImpl.java:62)
at java.base/jdk.internal.reflect.DelegatingConstructorAccessorImpl.newInstance(DelegatingConstructorAccessorImpl.java:45)
at java.base/java.lang.reflect.Constructor.newInstance(Constructor.java:490)
at cucumber.runtime.java.DefaultJavaObjectFactory.cacheNewInstance(DefaultJavaObjectFactory.java:41)
... 42 more
Caused by: java.lang.StackOverflowError
at com.migrosWeb.test.main.BaseClass.<init>(BaseClass.java:17)
at com.migrosWeb.test.pages.HomePage.<init>(HomePage.java:10)
at com.migrosWeb.test.pages.BasketPage.<init>(BasketPage.java:37)
at com.migrosWeb.test.pages.HomePage.<init>(HomePage.java:41)
at com.migrosWeb.test.pages.BasketPage.<init>(BasketPage.java:37)
at com.migrosWeb.test.pages.HomePage.<init>(HomePage.java:41)
at com.migrosWeb.test.pages.BasketPage.<init>(BasketPage.java:37)
at com.migrosWeb.test.pages.HomePage.<init>(HomePage.java:41)
at com.migrosWeb.test.pages.BasketPage.<init>(BasketPage.java:37)
at com.migrosWeb.test.pages.HomePage.<init>(HomePage.java:41)
at com.migrosWeb.test.pages.BasketPage.<init>(BasketPage.java:37)
at com.migrosWeb.test.pages.HomePage.<init>(HomePage.java:41)
at com.migrosWeb.test.pages.BasketPage.<init>(BasketPage.java:37)
at com.migrosWeb.test.pages.HomePage.<init>(HomePage.java:41)
at com.migrosWeb.test.pages.BasketPage.<init>(BasketPage.java:37)
at com.migrosWeb.test.pages.HomePage.<init>(HomePage.java:41)
at com.migrosWeb.test.pages.BasketPage.<init>(BasketPage.java:37)
at com.migrosWeb.test.pages.HomePage.<init>(HomePage.java:41)
at com.migrosWeb.test.pages.BasketPage.<init>(BasketPage.java:37)
at com.migrosWeb.test.pages.HomePage.<init>(HomePage.java:41)
at com.migrosWeb.test.pages.BasketPage.<init>(BasketPage.java:37)
at com.migrosWeb.test.pages.HomePage.<init>(HomePage.java:41)
at com.migrosWeb.test.pages.BasketPage.<init>(BasketPage.java:37)
at com.migrosWeb.test.pages.HomePage.<init>(HomePage.java:41)
at com.migrosWeb.test.pages.BasketPage.<init>(BasketPage.java:37)
at com.migrosWeb.test.pages.HomePage.<init>(HomePage.java:41)
at com.migrosWeb.test.pages.BasketPage.<init>(BasketPage.java:37)
at com.migrosWeb.test.pages.HomePage.<init>(HomePage.java:41)
at com.migrosWeb.test.pages.BasketPage.<init>(BasketPage.java:37)
at com.migrosWeb.test.pages.HomePage.<init>(HomePage.java:41)
at com.migrosWeb.test.pages.BasketPage.<init>(BasketPage.java:37)
at com.migrosWeb.test.pages.HomePage.<init>(HomePage.java:41)
at com.migrosWeb.test.pages.BasketPage.<init>(BasketPage.java:37)
at com.migrosWeb.test.pages.HomePage.<init>(HomePage.java:41)
at com.migrosWeb.test.pages.BasketPage.<init>(BasketPage.java:37)
at com.migrosWeb.test.pages.HomePage.<init>(HomePage.java:41)
at com.migrosWeb.test.pages.BasketPage.<init>(BasketPage.java:37)
at com.migrosWeb.test.pages.HomePage.<init>(HomePage.java:41)
at com.migrosWeb.test.pages.BasketPage.<init>(BasketPage.java:37)
at com.migrosWeb.test.pages.HomePage.<init>(HomePage.java:41)
at com.migrosWeb.test.pages.BasketPage.<init>(BasketPage.java:37)
at com.migrosWeb.test.pages.HomePage.<init>(HomePage.java:41)
at com.migrosWeb.test.pages.BasketPage.<init>(BasketPage.java:37)
at com.migrosWeb.test.pages.HomePage.<init>(HomePage.java:41)
at com.migrosWeb.test.pages.BasketPage.<init>(BasketPage.java:37)
at com.migrosWeb.test.pages.HomePage.<init>(HomePage.java:41)
at com.migrosWeb.test.pages.BasketPage.<init>(BasketPage.java:37)
at com.migrosWeb.test.pages.HomePage.<init>(HomePage.java:41)
at com.migrosWeb.test.pages.BasketPage.<init>(BasketPage.java:37)
at com.migrosWeb.test.pages.HomePage.<init>(HomePage.java:41)
at com.migrosWeb.test.pages.BasketPage.<init>(BasketPage.java:37)
at com.migrosWeb.test.pages.HomePage.<init>(HomePage.java:41)
at com.migrosWeb.test.pages.BasketPage.<init>(BasketPage.java:37)
at com.migrosWeb.test.pages.HomePage.<init>(HomePage.java:41)
at com.migrosWeb.test.pages.BasketPage.<init>(BasketPage.java:37)
at com.migrosWeb.test.pages.HomePage.<init>(HomePage.java:41)
at com.migrosWeb.test.pages.BasketPage.<init>(BasketPage.java:37)
at com.migrosWeb.test.pages.HomePage.<init>(HomePage.java:41)
at com.migrosWeb.test.pages.BasketPage.<init>(BasketPage.java:37)
at com.migrosWeb.test.pages.HomePage.<init>(HomePage.java:41)
at com.migrosWeb.test.pages.BasketPage.<init>(BasketPage.java:37)
at com.migrosWeb.test.pages.HomePage.<init>(HomePage.java:41)
at com.migrosWeb.test.pages.BasketPage.<init>(BasketPage.java:37)
at com.migrosWeb.test.pages.HomePage.<init>(HomePage.java:41)
at com.migrosWeb.test.pages.BasketPage.<init>(BasketPage.java:37)
at com.migrosWeb.test.pages.HomePage.<init>(HomePage.java:41)
at com.migrosWeb.test.pages.BasketPage.<init>(BasketPage.java:37)
at com.migrosWeb.test.pages.HomePage.<init>(HomePage.java:41)
at com.migrosWeb.test.pages.BasketPage.<init>(BasketPage.java:37)
at com.migrosWeb.test.pages.HomePage.<init>(HomePage.java:41)
at com.migrosWeb.test.pages.BasketPage.<init>(BasketPage.java:37)
at com.migrosWeb.test.pages.HomePage.<init>(HomePage.java:41)
at com.migrosWeb.test.pages.BasketPage.<init>(BasketPage.java:37)
at com.migrosWeb.test.pages.HomePage.<init>(HomePage.java:41)
at com.migrosWeb.test.pages.BasketPage.<init>(BasketPage.java:37)
at com.migrosWeb.test.pages.HomePage.<init>(HomePage.java:41)
at com.migrosWeb.test.pages.BasketPage.<init>(BasketPage.java:37)
at com.migrosWeb.test.pages.HomePage.<init>(HomePage.java:41)
at com.migrosWeb.test.pages.BasketPage.<init>(BasketPage.java:37)
at com.migrosWeb.test.pages.HomePage.<init>(HomePage.java:41)
at com.migrosWeb.test.pages.BasketPage.<init>(BasketPage.java:37)
at com.migrosWeb.test.pages.HomePage.<init>(HomePage.java:41)
at com.migrosWeb.test.pages.BasketPage.<init>(BasketPage.java:37)
at com.migrosWeb.test.pages.HomePage.<init>(HomePage.java:41)
at com.migrosWeb.test.pages.BasketPage.<init>(BasketPage.java:37)
at com.migrosWeb.test.pages.HomePage.<init>(HomePage.java:41)
at com.migrosWeb.test.pages.BasketPage.<init>(BasketPage.java:37)
at com.migrosWeb.test.pages.HomePage.<init>(HomePage.java:41)
at com.migrosWeb.test.pages.BasketPage.<init>(BasketPage.java:37)
at com.migrosWeb.test.pages.HomePage.<init>(HomePage.java:41)
at com.migrosWeb.test.pages.BasketPage.<init>(BasketPage.java:37)
at com.migrosWeb.test.pages.HomePage.<init>(HomePage.java:41)
at com.migrosWeb.test.pages.BasketPage.<init>(BasketPage.java:37)
at com.migrosWeb.test.pages.HomePage.<init>(HomePage.java:41)
at com.migrosWeb.test.pages.BasketPage.<init>(BasketPage.java:37)
at com.migrosWeb.test.pages.HomePage.<init>(HomePage.java:41)
at com.migrosWeb.test.pages.BasketPage.<init>(BasketPage.java:37)
at com.migrosWeb.test.pages.HomePage.<init>(HomePage.java:41)
at com.migrosWeb.test.pages.BasketPage.<init>(BasketPage.java:37)
at com.migrosWeb.test.pages.HomePage.<init>(HomePage.java:41)
at com.migrosWeb.test.pages.BasketPage.<init>(BasketPage.java:37)
at com.migrosWeb.test.pages.HomePage.<init>(HomePage.java:41)
at com.migrosWeb.test.pages.BasketPage.<init>(BasketPage.java:37)
at com.migrosWeb.test.pages.HomePage.<init>(HomePage.java:41)
at com.migrosWeb.test.pages.BasketPage.<init>(BasketPage.java:37)
at com.migrosWeb.test.pages.HomePage.<init>(HomePage.java:41)
at com.migrosWeb.test.pages.BasketPage.<init>(BasketPage.java:37)
at com.migrosWeb.test.pages.HomePage.<init>(HomePage.java:41)
at com.migrosWeb.test.pages.BasketPage.<init>(BasketPage.java:37)
at com.migrosWeb.test.pages.HomePage.<init>(HomePage.java:41)
at com.migrosWeb.test.pages.BasketPage.<init>(BasketPage.java:37)
at com.migrosWeb.test.pages.HomePage.<init>(HomePage.java:41)
at com.migrosWeb.test.pages.BasketPage.<init>(BasketPage.java:37)
at com.migrosWeb.test.pages.HomePage.<init>(HomePage.java:41)
at com.migrosWeb.test.pages.BasketPage.<init>(BasketPage.java:37)
at com.migrosWeb.test.pages.HomePage.<init>(HomePage.java:41)
at com.migrosWeb.test.pages.BasketPage.<init>(BasketPage.java:37)
at com.migrosWeb.test.pages.HomePage.<init>(HomePage.java:41)
at com.migrosWeb.test.pages.BasketPage.<init>(BasketPage.java:37)
at com.migrosWeb.test.pages.HomePage.<init>(HomePage.java:41)
at com.migrosWeb.test.pages.BasketPage.<init>(BasketPage.java:37)
at com.migrosWeb.test.pages.HomePage.<init>(HomePage.java:41)
at com.migrosWeb.test.pages.BasketPage.<init>(BasketPage.java:37)
at com.migrosWeb.test.pages.HomePage.<init>(HomePage.java:41)
at com.migrosWeb.test.pages.BasketPage.<init>(BasketPage.java:37)
at com.migrosWeb.test.pages.HomePage.<init>(HomePage.java:41)
at com.migrosWeb.test.pages.BasketPage.<init>(BasketPage.java:37)
at com.migrosWeb.test.pages.HomePage.<init>(HomePage.java:41)
at com.migrosWeb.test.pages.BasketPage.<init>(BasketPage.java:37)
at com.migrosWeb.test.pages.HomePage.<init>(HomePage.java:41)
at com.migrosWeb.test.pages.BasketPage.<init>(BasketPage.java:37)
at com.migrosWeb.test.pages.HomePage.<init>(HomePage.java:41)
at com.migrosWeb.test.pages.BasketPage.<init>(BasketPage.java:37)
at com.migrosWeb.test.pages.HomePage.<init>(HomePage.java:41)
at com.migrosWeb.test.pages.BasketPage.<init>(BasketPage.java:37)
at com.migrosWeb.test.pages.HomePage.<init>(HomePage.java:41)
at com.migrosWeb.test.pages.BasketPage.<init>(BasketPage.java:37)
at com.migrosWeb.test.pages.HomePage.<init>(HomePage.java:41)
at com.migrosWeb.test.pages.BasketPage.<init>(BasketPage.java:37)
at com.migrosWeb.test.pages.HomePage.<init>(HomePage.java:41)
at com.migrosWeb.test.pages.BasketPage.<init>(BasketPage.java:37)
at com.migrosWeb.test.pages.HomePage.<init>(HomePage.java:41)
at com.migrosWeb.test.pages.BasketPage.<init>(BasketPage.java:37)
at com.migrosWeb.test.pages.HomePage.<init>(HomePage.java:41)
at com.migrosWeb.test.pages.BasketPage.<init>(BasketPage.java:37)
at com.migrosWeb.test.pages.HomePage.<init>(HomePage.java:41)
at com.migrosWeb.test.pages.BasketPage.<init>(BasketPage.java:37)
at com.migrosWeb.test.pages.HomePage.<init>(HomePage.java:41)
at com.migrosWeb.test.pages.BasketPage.<init>(BasketPage.java:37)
at com.migrosWeb.test.pages.HomePage.<init>(HomePage.java:41)
at com.migrosWeb.test.pages.BasketPage.<init>(BasketPage.java:37)
at com.migrosWeb.test.pages.HomePage.<init>(HomePage.java:41)
at com.migrosWeb.test.pages.BasketPage.<init>(BasketPage.java:37)
at com.migrosWeb.test.pages.HomePage.<init>(HomePage.java:41)
at com.migrosWeb.test.pages.BasketPage.<init>(BasketPage.java:37)
at com.migrosWeb.test.pages.HomePage.<init>(HomePage.java:41)
at com.migrosWeb.test.pages.BasketPage.<init>(BasketPage.java:37)
at com.migrosWeb.test.pages.HomePage.<init>(HomePage.java:41)
at com.migrosWeb.test.pages.BasketPage.<init>(BasketPage.java:37)
at com.migrosWeb.test.pages.HomePage.<init>(HomePage.java:41)
at com.migrosWeb.test.pages.BasketPage.<init>(BasketPage.java:37)
at com.migrosWeb.test.pages.HomePage.<init>(HomePage.java:41)
at com.migrosWeb.test.pages.BasketPage.<init>(BasketPage.java:37)
at com.migrosWeb.test.pages.HomePage.<init>(HomePage.java:41)
at com.migrosWeb.test.pages.BasketPage.<init>(BasketPage.java:37)
at com.migrosWeb.test.pages.HomePage.<init>(HomePage.java:41)
at com.migrosWeb.test.pages.BasketPage.<init>(BasketPage.java:37)
at com.migrosWeb.test.pages.HomePage.<init>(HomePage.java:41)
at com.migrosWeb.test.pages.BasketPage.<init>(BasketPage.java:37)
at com.migrosWeb.test.pages.HomePage.<init>(HomePage.java:41)
at com.migrosWeb.test.pages.BasketPage.<init>(BasketPage.java:37)
at com.migrosWeb.test.pages.HomePage.<init>(HomePage.java:41)
at com.migrosWeb.test.pages.BasketPage.<init>(BasketPage.java:37)
at com.migrosWeb.test.pages.HomePage.<init>(HomePage.java:41)
at com.migrosWeb.test.pages.BasketPage.<init>(BasketPage.java:37)
at com.migrosWeb.test.pages.HomePage.<init>(HomePage.java:41)
at com.migrosWeb.test.pages.BasketPage.<init>(BasketPage.java:37)
at com.migrosWeb.test.pages.HomePage.<init>(HomePage.java:41)
at com.migrosWeb.test.pages.BasketPage.<init>(BasketPage.java:37)
at com.migrosWeb.test.pages.HomePage.<init>(HomePage.java:41)
at com.migrosWeb.test.pages.BasketPage.<init>(BasketPage.java:37)
at com.migrosWeb.test.pages.HomePage.<init>(HomePage.java:41)
at com.migrosWeb.test.pages.BasketPage.<init>(BasketPage.java:37)
at com.migrosWeb.test.pages.HomePage.<init>(HomePage.java:41)
at com.migrosWeb.test.pages.BasketPage.<init>(BasketPage.java:37)
at com.migrosWeb.test.pages.HomePage.<init>(HomePage.java:41)
at com.migrosWeb.test.pages.BasketPage.<init>(BasketPage.java:37)
at com.migrosWeb.test.pages.HomePage.<init>(HomePage.java:41)
at com.migrosWeb.test.pages.BasketPage.<init>(BasketPage.java:37)
at com.migrosWeb.test.pages.HomePage.<init>(HomePage.java:41)
at com.migrosWeb.test.pages.BasketPage.<init>(BasketPage.java:37)
at com.migrosWeb.test.pages.HomePage.<init>(HomePage.java:41)
at com.migrosWeb.test.pages.BasketPage.<init>(BasketPage.java:37)
at com.migrosWeb.test.pages.HomePage.<init>(HomePage.java:41)
at com.migrosWeb.test.pages.BasketPage.<init>(BasketPage.java:37)
at com.migrosWeb.test.pages.HomePage.<init>(HomePage.java:41)
at com.migrosWeb.test.pages.BasketPage.<init>(BasketPage.java:37)
at com.migrosWeb.test.pages.HomePage.<init>(HomePage.java:41)
at com.migrosWeb.test.pages.BasketPage.<init>(BasketPage.java:37)
at com.migrosWeb.test.pages.HomePage.<init>(HomePage.java:41)
at com.migrosWeb.test.pages.BasketPage.<init>(BasketPage.java:37)
at com.migrosWeb.test.pages.HomePage.<init>(HomePage.java:41)
at com.migrosWeb.test.pages.BasketPage.<init>(BasketPage.java:37)
at com.migrosWeb.test.pages.HomePage.<init>(HomePage.java:41)
at com.migrosWeb.test.pages.BasketPage.<init>(BasketPage.java:37)
at com.migrosWeb.test.pages.HomePage.<init>(HomePage.java:41)
at com.migrosWeb.test.pages.BasketPage.<init>(BasketPage.java:37)
at com.migrosWeb.test.pages.HomePage.<init>(HomePage.java:41)
at com.migrosWeb.test.pages.BasketPage.<init>(BasketPage.java:37)
at com.migrosWeb.test.pages.HomePage.<init>(HomePage.java:41)
at com.migrosWeb.test.pages.BasketPage.<init>(BasketPage.java:37)
at com.migrosWeb.test.pages.HomePage.<init>(HomePage.java:41)
at com.migrosWeb.test.pages.BasketPage.<init>(BasketPage.java:37)
at com.migrosWeb.test.pages.HomePage.<init>(HomePage.java:41)
at com.migrosWeb.test.pages.BasketPage.<init>(BasketPage.java:37)
at com.migrosWeb.test.pages.HomePage.<init>(HomePage.java:41)
at com.migrosWeb.test.pages.BasketPage.<init>(BasketPage.java:37)
at com.migrosWeb.test.pages.HomePage.<init>(HomePage.java:41)
at com.migrosWeb.test.pages.BasketPage.<init>(BasketPage.java:37)
at com.migrosWeb.test.pages.HomePage.<init>(HomePage.java:41)
at com.migrosWeb.test.pages.BasketPage.<init>(BasketPage.java:37)
at com.migrosWeb.test.pages.HomePage.<init>(HomePage.java:41)
at com.migrosWeb.test.pages.BasketPage.<init>(BasketPage.java:37)
at com.migrosWeb.test.pages.HomePage.<init>(HomePage.java:41)
at com.migrosWeb.test.pages.BasketPage.<init>(BasketPage.java:37)
at com.migrosWeb.test.pages.HomePage.<init>(HomePage.java:41)
at com.migrosWeb.test.pages.BasketPage.<init>(BasketPage.java:37)
at com.migrosWeb.test.pages.HomePage.<init>(HomePage.java:41)
at com.migrosWeb.test.pages.BasketPage.<init>(BasketPage.java:37)
at com.migrosWeb.test.pages.HomePage.<init>(HomePage.java:41)
at com.migrosWeb.test.pages.BasketPage.<init>(BasketPage.java:37)
at com.migrosWeb.test.pages.HomePage.<init>(HomePage.java:41)
at com.migrosWeb.test.pages.BasketPage.<init>(BasketPage.java:37)
at com.migrosWeb.test.pages.HomePage.<init>(HomePage.java:41)
at com.migrosWeb.test.pages.BasketPage.<init>(BasketPage.java:37)
at com.migrosWeb.test.pages.HomePage.<init>(HomePage.java:41)
at com.migrosWeb.test.pages.BasketPage.<init>(BasketPage.java:37)
at com.migrosWeb.test.pages.HomePage.<init>(HomePage.java:41)
at com.migrosWeb.test.pages.BasketPage.<init>(BasketPage.java:37)
at com.migrosWeb.test.pages.HomePage.<init>(HomePage.java:41)
at com.migrosWeb.test.pages.BasketPage.<init>(BasketPage.java:37)
at com.migrosWeb.test.pages.HomePage.<init>(HomePage.java:41)
at com.migrosWeb.test.pages.BasketPage.<init>(BasketPage.java:37)
at com.migrosWeb.test.pages.HomePage.<init>(HomePage.java:41)
at com.migrosWeb.test.pages.BasketPage.<init>(BasketPage.java:37)
at com.migrosWeb.test.pages.HomePage.<init>(HomePage.java:41)
at com.migrosWeb.test.pages.BasketPage.<init>(BasketPage.java:37)
at com.migrosWeb.test.pages.HomePage.<init>(HomePage.java:41)
at com.migrosWeb.test.pages.BasketPage.<init>(BasketPage.java:37)
at com.migrosWeb.test.pages.HomePage.<init>(HomePage.java:41)
at com.migrosWeb.test.pages.BasketPage.<init>(BasketPage.java:37)
at com.migrosWeb.test.pages.HomePage.<init>(HomePage.java:41)
at com.migrosWeb.test.pages.BasketPage.<init>(BasketPage.java:37)
at com.migrosWeb.test.pages.HomePage.<init>(HomePage.java:41)
at com.migrosWeb.test.pages.BasketPage.<init>(BasketPage.java:37)
at com.migrosWeb.test.pages.HomePage.<init>(HomePage.java:41)
at com.migrosWeb.test.pages.BasketPage.<init>(BasketPage.java:37)
at com.migrosWeb.test.pages.HomePage.<init>(HomePage.java:41)
at com.migrosWeb.test.pages.BasketPage.<init>(BasketPage.java:37)
at com.migrosWeb.test.pages.HomePage.<init>(HomePage.java:41)
at com.migrosWeb.test.pages.BasketPage.<init>(BasketPage.java:37)
at com.migrosWeb.test.pages.HomePage.<init>(HomePage.java:41)
at com.migrosWeb.test.pages.BasketPage.<init>(BasketPage.java:37)
at com.migrosWeb.test.pages.HomePage.<init>(HomePage.java:41)
at com.migrosWeb.test.pages.BasketPage.<init>(BasketPage.java:37)
at com.migrosWeb.test.pages.HomePage.<init>(HomePage.java:41)
at com.migrosWeb.test.pages.BasketPage.<init>(BasketPage.java:37)
at com.migrosWeb.test.pages.HomePage.<init>(HomePage.java:41)
at com.migrosWeb.test.pages.BasketPage.<init>(BasketPage.java:37)
at com.migrosWeb.test.pages.HomePage.<init>(HomePage.java:41)
at com.migrosWeb.test.pages.BasketPage.<init>(BasketPage.java:37)
at com.migrosWeb.test.pages.HomePage.<init>(HomePage.java:41)
at com.migrosWeb.test.pages.BasketPage.<init>(BasketPage.java:37)
at com.migrosWeb.test.pages.HomePage.<init>(HomePage.java:41)
at com.migrosWeb.test.pages.BasketPage.<init>(BasketPage.java:37)
at com.migrosWeb.test.pages.HomePage.<init>(HomePage.java:41)
at com.migrosWeb.test.pages.BasketPage.<init>(BasketPage.java:37)
at com.migrosWeb.test.pages.HomePage.<init>(HomePage.java:41)
at com.migrosWeb.test.pages.BasketPage.<init>(BasketPage.java:37)
at com.migrosWeb.test.pages.HomePage.<init>(HomePage.java:41)
at com.migrosWeb.test.pages.BasketPage.<init>(BasketPage.java:37)
at com.migrosWeb.test.pages.HomePage.<init>(HomePage.java:41)
at com.migrosWeb.test.pages.BasketPage.<init>(BasketPage.java:37)
at com.migrosWeb.test.pages.HomePage.<init>(HomePage.java:41)
at com.migrosWeb.test.pages.BasketPage.<init>(BasketPage.java:37)
at com.migrosWeb.test.pages.HomePage.<init>(HomePage.java:41)
at com.migrosWeb.test.pages.BasketPage.<init>(BasketPage.java:37)
at com.migrosWeb.test.pages.HomePage.<init>(HomePage.java:41)
at com.migrosWeb.test.pages.BasketPage.<init>(BasketPage.java:37)
at com.migrosWeb.test.pages.HomePage.<init>(HomePage.java:41)
at com.migrosWeb.test.pages.BasketPage.<init>(BasketPage.java:37)
at com.migrosWeb.test.pages.HomePage.<init>(HomePage.java:41)
at com.migrosWeb.test.pages.BasketPage.<init>(BasketPage.java:37)
at com.migrosWeb.test.pages.HomePage.<init>(HomePage.java:41)
at com.migrosWeb.test.pages.BasketPage.<init>(BasketPage.java:37)
at com.migrosWeb.test.pages.HomePage.<init>(HomePage.java:41)
at com.migrosWeb.test.pages.BasketPage.<init>(BasketPage.java:37)
at com.migrosWeb.test.pages.HomePage.<init>(HomePage.java:41)
at com.migrosWeb.test.pages.BasketPage.<init>(BasketPage.java:37)
at com.migrosWeb.test.pages.HomePage.<init>(HomePage.java:41)
at com.migrosWeb.test.pages.BasketPage.<init>(BasketPage.java:37)
at com.migrosWeb.test.pages.HomePage.<init>(HomePage.java:41)
at com.migrosWeb.test.pages.BasketPage.<init>(BasketPage.java:37)
at com.migrosWeb.test.pages.HomePage.<init>(HomePage.java:41)
at com.migrosWeb.test.pages.BasketPage.<init>(BasketPage.java:37)
at com.migrosWeb.test.pages.HomePage.<init>(HomePage.java:41)
at com.migrosWeb.test.pages.BasketPage.<init>(BasketPage.java:37)
at com.migrosWeb.test.pages.HomePage.<init>(HomePage.java:41)
at com.migrosWeb.test.pages.BasketPage.<init>(BasketPage.java:37)
at com.migrosWeb.test.pages.HomePage.<init>(HomePage.java:41)
at com.migrosWeb.test.pages.BasketPage.<init>(BasketPage.java:37)
at com.migrosWeb.test.pages.HomePage.<init>(HomePage.java:41)
at com.migrosWeb.test.pages.BasketPage.<init>(BasketPage.java:37)
at com.migrosWeb.test.pages.HomePage.<init>(HomePage.java:41)
at com.migrosWeb.test.pages.BasketPage.<init>(BasketPage.java:37)
at com.migrosWeb.test.pages.HomePage.<init>(HomePage.java:41)
at com.migrosWeb.test.pages.BasketPage.<init>(BasketPage.java:37)
at com.migrosWeb.test.pages.HomePage.<init>(HomePage.java:41)
at com.migrosWeb.test.pages.BasketPage.<init>(BasketPage.java:37)
at com.migrosWeb.test.pages.HomePage.<init>(HomePage.java:41)
at com.migrosWeb.test.pages.BasketPage.<init>(BasketPage.java:37)
at com.migrosWeb.test.pages.HomePage.<init>(HomePage.java:41)
at com.migrosWeb.test.pages.BasketPage.<init>(BasketPage.java:37)
at com.migrosWeb.test.pages.HomePage.<init>(HomePage.java:41)
at com.migrosWeb.test.pages.BasketPage.<init>(BasketPage.java:37)
at com.migrosWeb.test.pages.HomePage.<init>(HomePage.java:41)
at com.migrosWeb.test.pages.BasketPage.<init>(BasketPage.java:37)
at com.migrosWeb.test.pages.HomePage.<init>(HomePage.java:41)
at com.migrosWeb.test.pages.BasketPage.<init>(BasketPage.java:37)
at com.migrosWeb.test.pages.HomePage.<init>(HomePage.java:41)
at com.migrosWeb.test.pages.BasketPage.<init>(BasketPage.java:37)
at com.migrosWeb.test.pages.HomePage.<init>(HomePage.java:41)
at com.migrosWeb.test.pages.BasketPage.<init>(BasketPage.java:37)
at com.migrosWeb.test.pages.HomePage.<init>(HomePage.java:41)
at com.migrosWeb.test.pages.BasketPage.<init>(BasketPage.java:37)
at com.migrosWeb.test.pages.HomePage.<init>(HomePage.java:41)
at com.migrosWeb.test.pages.BasketPage.<init>(BasketPage.java:37)
at com.migrosWeb.test.pages.HomePage.<init>(HomePage.java:41)
at com.migrosWeb.test.pages.BasketPage.<init>(BasketPage.java:37)
at com.migrosWeb.test.pages.HomePage.<init>(HomePage.java:41)
at com.migrosWeb.test.pages.BasketPage.<init>(BasketPage.java:37)
at com.migrosWeb.test.pages.HomePage.<init>(HomePage.java:41)
at com.migrosWeb.test.pages.BasketPage.<init>(BasketPage.java:37)
at com.migrosWeb.test.pages.HomePage.<init>(HomePage.java:41)
at com.migrosWeb.test.pages.BasketPage.<init>(BasketPage.java:37)
at com.migrosWeb.test.pages.HomePage.<init>(HomePage.java:41)
at com.migrosWeb.test.pages.BasketPage.<init>(BasketPage.java:37)
at com.migrosWeb.test.pages.HomePage.<init>(HomePage.java:41)
at com.migrosWeb.test.pages.BasketPage.<init>(BasketPage.java:37)
at com.migrosWeb.test.pages.HomePage.<init>(HomePage.java:41)
at com.migrosWeb.test.pages.BasketPage.<init>(BasketPage.java:37)
at com.migrosWeb.test.pages.HomePage.<init>(HomePage.java:41)
at com.migrosWeb.test.pages.BasketPage.<init>(BasketPage.java:37)
at com.migrosWeb.test.pages.HomePage.<init>(HomePage.java:41)
at com.migrosWeb.test.pages.BasketPage.<init>(BasketPage.java:37)
at com.migrosWeb.test.pages.HomePage.<init>(HomePage.java:41)
at com.migrosWeb.test.pages.BasketPage.<init>(BasketPage.java:37)
at com.migrosWeb.test.pages.HomePage.<init>(HomePage.java:41)
at com.migrosWeb.test.pages.BasketPage.<init>(BasketPage.java:37)
at com.migrosWeb.test.pages.HomePage.<init>(HomePage.java:41)
at com.migrosWeb.test.pages.BasketPage.<init>(BasketPage.java:37)
at com.migrosWeb.test.pages.HomePage.<init>(HomePage.java:41)
at com.migrosWeb.test.pages.BasketPage.<init>(BasketPage.java:37)
at com.migrosWeb.test.pages.HomePage.<init>(HomePage.java:41)
at com.migrosWeb.test.pages.BasketPage.<init>(BasketPage.java:37)
at com.migrosWeb.test.pages.HomePage.<init>(HomePage.java:41)
at com.migrosWeb.test.pages.BasketPage.<init>(BasketPage.java:37)
at com.migrosWeb.test.pages.HomePage.<init>(HomePage.java:41)
at com.migrosWeb.test.pages.BasketPage.<init>(BasketPage.java:37)
at com.migrosWeb.test.pages.HomePage.<init>(HomePage.java:41)
at com.migrosWeb.test.pages.BasketPage.<init>(BasketPage.java:37)
at com.migrosWeb.test.pages.HomePage.<init>(HomePage.java:41)
at com.migrosWeb.test.pages.BasketPage.<init>(BasketPage.java:37)
at com.migrosWeb.test.pages.HomePage.<init>(HomePage.java:41)
at com.migrosWeb.test.pages.BasketPage.<init>(BasketPage.java:37)
at com.migrosWeb.test.pages.HomePage.<init>(HomePage.java:41)
at com.migrosWeb.test.pages.BasketPage.<init>(BasketPage.java:37)
at com.migrosWeb.test.pages.HomePage.<init>(HomePage.java:41)
at com.migrosWeb.test.pages.BasketPage.<init>(BasketPage.java:37)
at com.migrosWeb.test.pages.HomePage.<init>(HomePage.java:41)
at com.migrosWeb.test.pages.BasketPage.<init>(BasketPage.java:37)
at com.migrosWeb.test.pages.HomePage.<init>(HomePage.java:41)
at com.migrosWeb.test.pages.BasketPage.<init>(BasketPage.java:37)
at com.migrosWeb.test.pages.HomePage.<init>(HomePage.java:41)
at com.migrosWeb.test.pages.BasketPage.<init>(BasketPage.java:37)
at com.migrosWeb.test.pages.HomePage.<init>(HomePage.java:41)
at com.migrosWeb.test.pages.BasketPage.<init>(BasketPage.java:37)
at com.migrosWeb.test.pages.HomePage.<init>(HomePage.java:41)
at com.migrosWeb.test.pages.BasketPage.<init>(BasketPage.java:37)
at com.migrosWeb.test.pages.HomePage.<init>(HomePage.java:41)
at com.migrosWeb.test.pages.BasketPage.<init>(BasketPage.java:37)
at com.migrosWeb.test.pages.HomePage.<init>(HomePage.java:41)
at com.migrosWeb.test.pages.BasketPage.<init>(BasketPage.java:37)
at com.migrosWeb.test.pages.HomePage.<init>(HomePage.java:41)
at com.migrosWeb.test.pages.BasketPage.<init>(BasketPage.java:37)
at com.migrosWeb.test.pages.HomePage.<init>(HomePage.java:41)
at com.migrosWeb.test.pages.BasketPage.<init>(BasketPage.java:37)
at com.migrosWeb.test.pages.HomePage.<init>(HomePage.java:41)
at com.migrosWeb.test.pages.BasketPage.<init>(BasketPage.java:37)
at com.migrosWeb.test.pages.HomePage.<init>(HomePage.java:41)
at com.migrosWeb.test.pages.BasketPage.<init>(BasketPage.java:37)
at com.migrosWeb.test.pages.HomePage.<init>(HomePage.java:41)
at com.migrosWeb.test.pages.BasketPage.<init>(BasketPage.java:37)
at com.migrosWeb.test.pages.HomePage.<init>(HomePage.java:41)
at com.migrosWeb.test.pages.BasketPage.<init>(BasketPage.java:37)
at com.migrosWeb.test.pages.HomePage.<init>(HomePage.java:41)
at com.migrosWeb.test.pages.BasketPage.<init>(BasketPage.java:37)
at com.migrosWeb.test.pages.HomePage.<init>(HomePage.java:41)
at com.migrosWeb.test.pages.BasketPage.<init>(BasketPage.java:37)
at com.migrosWeb.test.pages.HomePage.<init>(HomePage.java:41)
at com.migrosWeb.test.pages.BasketPage.<init>(BasketPage.java:37)
at com.migrosWeb.test.pages.HomePage.<init>(HomePage.java:41)
at com.migrosWeb.test.pages.BasketPage.<init>(BasketPage.java:37)
at com.migrosWeb.test.pages.HomePage.<init>(HomePage.java:41)
at com.migrosWeb.test.pages.BasketPage.<init>(BasketPage.java:37)
at com.migrosWeb.test.pages.HomePage.<init>(HomePage.java:41)
at com.migrosWeb.test.pages.BasketPage.<init>(BasketPage.java:37)
at com.migrosWeb.test.pages.HomePage.<init>(HomePage.java:41)
at com.migrosWeb.test.pages.BasketPage.<init>(BasketPage.java:37)
at com.migrosWeb.test.pages.HomePage.<init>(HomePage.java:41)
at com.migrosWeb.test.pages.BasketPage.<init>(BasketPage.java:37)
at com.migrosWeb.test.pages.HomePage.<init>(HomePage.java:41)
at com.migrosWeb.test.pages.BasketPage.<init>(BasketPage.java:37)
at com.migrosWeb.test.pages.HomePage.<init>(HomePage.java:41)
at com.migrosWeb.test.pages.BasketPage.<init>(BasketPage.java:37)
at com.migrosWeb.test.pages.HomePage.<init>(HomePage.java:41)
at com.migrosWeb.test.pages.BasketPage.<init>(BasketPage.java:37)
at com.migrosWeb.test.pages.HomePage.<init>(HomePage.java:41)
at com.migrosWeb.test.pages.BasketPage.<init>(BasketPage.java:37)
at com.migrosWeb.test.pages.HomePage.<init>(HomePage.java:41)
at com.migrosWeb.test.pages.BasketPage.<init>(BasketPage.java:37)
at com.migrosWeb.test.pages.HomePage.<init>(HomePage.java:41)
at com.migrosWeb.test.pages.BasketPage.<init>(BasketPage.java:37)
at com.migrosWeb.test.pages.HomePage.<init>(HomePage.java:41)
at com.migrosWeb.test.pages.BasketPage.<init>(BasketPage.java:37)
at com.migrosWeb.test.pages.HomePage.<init>(HomePage.java:41)
at com.migrosWeb.test.pages.BasketPage.<init>(BasketPage.java:37)
at com.migrosWeb.test.pages.HomePage.<init>(HomePage.java:41)
at com.migrosWeb.test.pages.BasketPage.<init>(BasketPage.java:37)
at com.migrosWeb.test.pages.HomePage.<init>(HomePage.java:41)
at com.migrosWeb.test.pages.BasketPage.<init>(BasketPage.java:37)
at com.migrosWeb.test.pages.HomePage.<init>(HomePage.java:41)
at com.migrosWeb.test.pages.BasketPage.<init>(BasketPage.java:37)
at com.migrosWeb.test.pages.HomePage.<init>(HomePage.java:41)
at com.migrosWeb.test.pages.BasketPage.<init>(BasketPage.java:37)
at com.migrosWeb.test.pages.HomePage.<init>(HomePage.java:41)
at com.migrosWeb.test.pages.BasketPage.<init>(BasketPage.java:37)
at com.migrosWeb.test.pages.HomePage.<init>(HomePage.java:41)
at com.migrosWeb.test.pages.BasketPage.<init>(BasketPage.java:37)
at com.migrosWeb.test.pages.HomePage.<init>(HomePage.java:41)
at com.migrosWeb.test.pages.BasketPage.<init>(BasketPage.java:37)
at com.migrosWeb.test.pages.HomePage.<init>(HomePage.java:41)
at com.migrosWeb.test.pages.BasketPage.<init>(BasketPage.java:37)
at com.migrosWeb.test.pages.HomePage.<init>(HomePage.java:41)
at com.migrosWeb.test.pages.BasketPage.<init>(BasketPage.java:37)
at com.migrosWeb.test.pages.HomePage.<init>(HomePage.java:41)
at com.migrosWeb.test.pages.BasketPage.<init>(BasketPage.java:37)
at com.migrosWeb.test.pages.HomePage.<init>(HomePage.java:41)
at com.migrosWeb.test.pages.BasketPage.<init>(BasketPage.java:37)
at com.migrosWeb.test.pages.HomePage.<init>(HomePage.java:41)
at com.migrosWeb.test.pages.BasketPage.<init>(BasketPage.java:37)
at com.migrosWeb.test.pages.HomePage.<init>(HomePage.java:41)
at com.migrosWeb.test.pages.BasketPage.<init>(BasketPage.java:37)
at com.migrosWeb.test.pages.HomePage.<init>(HomePage.java:41)
at com.migrosWeb.test.pages.BasketPage.<init>(BasketPage.java:37)
at com.migrosWeb.test.pages.HomePage.<init>(HomePage.java:41)
at com.migrosWeb.test.pages.BasketPage.<init>(BasketPage.java:37)
at com.migrosWeb.test.pages.HomePage.<init>(HomePage.java:41)
at com.migrosWeb.test.pages.BasketPage.<init>(BasketPage.java:37)
at com.migrosWeb.test.pages.HomePage.<init>(HomePage.java:41)
at com.migrosWeb.test.pages.BasketPage.<init>(BasketPage.java:37)
at com.migrosWeb.test.pages.HomePage.<init>(HomePage.java:41)
at com.migrosWeb.test.pages.BasketPage.<init>(BasketPage.java:37)
at com.migrosWeb.test.pages.HomePage.<init>(HomePage.java:41)
at com.migrosWeb.test.pages.BasketPage.<init>(BasketPage.java:37)
at com.migrosWeb.test.pages.HomePage.<init>(HomePage.java:41)
at com.migrosWeb.test.pages.BasketPage.<init>(BasketPage.java:37)
at com.migrosWeb.test.pages.HomePage.<init>(HomePage.java:41)
at com.migrosWeb.test.pages.BasketPage.<init>(BasketPage.java:37)
at com.migrosWeb.test.pages.HomePage.<init>(HomePage.java:41)
at com.migrosWeb.test.pages.BasketPage.<init>(BasketPage.java:37)
at com.migrosWeb.test.pages.HomePage.<init>(HomePage.java:41)
at com.migrosWeb.test.pages.BasketPage.<init>(BasketPage.java:37)
at com.migrosWeb.test.pages.HomePage.<init>(HomePage.java:41)
at com.migrosWeb.test.pages.BasketPage.<init>(BasketPage.java:37)
at com.migrosWeb.test.pages.HomePage.<init>(HomePage.java:41)
at com.migrosWeb.test.pages.BasketPage.<init>(BasketPage.java:37)
at com.migrosWeb.test.pages.HomePage.<init>(HomePage.java:41)
at com.migrosWeb.test.pages.BasketPage.<init>(BasketPage.java:37)
at com.migrosWeb.test.pages.HomePage.<init>(HomePage.java:41)
at com.migrosWeb.test.pages.BasketPage.<init>(BasketPage.java:37)
at com.migrosWeb.test.pages.HomePage.<init>(HomePage.java:41)
at com.migrosWeb.test.pages.BasketPage.<init>(BasketPage.java:37)
at com.migrosWeb.test.pages.HomePage.<init>(HomePage.java:41)
at com.migrosWeb.test.pages.BasketPage.<init>(BasketPage.java:37)
at com.migrosWeb.test.pages.HomePage.<init>(HomePage.java:41)
at com.migrosWeb.test.pages.BasketPage.<init>(BasketPage.java:37)
at com.migrosWeb.test.pages.HomePage.<init>(HomePage.java:41)
at com.migrosWeb.test.pages.BasketPage.<init>(BasketPage.java:37)
at com.migrosWeb.test.pages.HomePage.<init>(HomePage.java:41)
at com.migrosWeb.test.pages.BasketPage.<init>(BasketPage.java:37)
at com.migrosWeb.test.pages.HomePage.<init>(HomePage.java:41)
at com.migrosWeb.test.pages.BasketPage.<init>(BasketPage.java:37)
at com.migrosWeb.test.pages.HomePage.<init>(HomePage.java:41)
at com.migrosWeb.test.pages.BasketPage.<init>(BasketPage.java:37)
at com.migrosWeb.test.pages.HomePage.<init>(HomePage.java:41)
at com.migrosWeb.test.pages.BasketPage.<init>(BasketPage.java:37)
at com.migrosWeb.test.pages.HomePage.<init>(HomePage.java:41)
at com.migrosWeb.test.pages.BasketPage.<init>(BasketPage.java:37)
at com.migrosWeb.test.pages.HomePage.<init>(HomePage.java:41)
at com.migrosWeb.test.pages.BasketPage.<init>(BasketPage.java:37)
at com.migrosWeb.test.pages.HomePage.<init>(HomePage.java:41)
at com.migrosWeb.test.pages.BasketPage.<init>(BasketPage.java:37)
at com.migrosWeb.test.pages.HomePage.<init>(HomePage.java:41)
at com.migrosWeb.test.pages.BasketPage.<init>(BasketPage.java:37)
at com.migrosWeb.test.pages.HomePage.<init>(HomePage.java:41)
at com.migrosWeb.test.pages.BasketPage.<init>(BasketPage.java:37)
at com.migrosWeb.test.pages.HomePage.<init>(HomePage.java:41)
at com.migrosWeb.test.pages.BasketPage.<init>(BasketPage.java:37)
at com.migrosWeb.test.pages.HomePage.<init>(HomePage.java:41)
at com.migrosWeb.test.pages.BasketPage.<init>(BasketPage.java:37)
at com.migrosWeb.test.pages.HomePage.<init>(HomePage.java:41)
at com.migrosWeb.test.pages.BasketPage.<init>(BasketPage.java:37)
at com.migrosWeb.test.pages.HomePage.<init>(HomePage.java:41)
at com.migrosWeb.test.pages.BasketPage.<init>(BasketPage.java:37)
at com.migrosWeb.test.pages.HomePage.<init>(HomePage.java:41)
at com.migrosWeb.test.pages.BasketPage.<init>(BasketPage.java:37)
at com.migrosWeb.test.pages.HomePage.<init>(HomePage.java:41)
at com.migrosWeb.test.pages.BasketPage.<init>(BasketPage.java:37)
at com.migrosWeb.test.pages.HomePage.<init>(HomePage.java:41)
at com.migrosWeb.test.pages.BasketPage.<init>(BasketPage.java:37)
at com.migrosWeb.test.pages.HomePage.<init>(HomePage.java:41)
at com.migrosWeb.test.pages.BasketPage.<init>(BasketPage.java:37)
at com.migrosWeb.test.pages.HomePage.<init>(HomePage.java:41)
at com.migrosWeb.test.pages.BasketPage.<init>(BasketPage.java:37)
at com.migrosWeb.test.pages.HomePage.<init>(HomePage.java:41)
at com.migrosWeb.test.pages.BasketPage.<init>(BasketPage.java:37)
at com.migrosWeb.test.pages.HomePage.<init>(HomePage.java:41)
at com.migrosWeb.test.pages.BasketPage.<init>(BasketPage.java:37)
at com.migrosWeb.test.pages.HomePage.<init>(HomePage.java:41)
at com.migrosWeb.test.pages.BasketPage.<init>(BasketPage.java:37)
at com.migrosWeb.test.pages.HomePage.<init>(HomePage.java:41)
at com.migrosWeb.test.pages.BasketPage.<init>(BasketPage.java:37)
at com.migrosWeb.test.pages.HomePage.<init>(HomePage.java:41)
at com.migrosWeb.test.pages.BasketPage.<init>(BasketPage.java:37)
at com.migrosWeb.test.pages.HomePage.<init>(HomePage.java:41)
at com.migrosWeb.test.pages.BasketPage.<init>(BasketPage.java:37)
at com.migrosWeb.test.pages.HomePage.<init>(HomePage.java:41)
at com.migrosWeb.test.pages.BasketPage.<init>(BasketPage.java:37)
at com.migrosWeb.test.pages.HomePage.<init>(HomePage.java:41)
at com.migrosWeb.test.pages.BasketPage.<init>(BasketPage.java:37)
at com.migrosWeb.test.pages.HomePage.<init>(HomePage.java:41)
at com.migrosWeb.test.pages.BasketPage.<init>(BasketPage.java:37)
at com.migrosWeb.test.pages.HomePage.<init>(HomePage.java:41)
at com.migrosWeb.test.pages.BasketPage.<init>(BasketPage.java:37)
at com.migrosWeb.test.pages.HomePage.<init>(HomePage.java:41)
at com.migrosWeb.test.pages.BasketPage.<init>(BasketPage.java:37)
at com.migrosWeb.test.pages.HomePage.<init>(HomePage.java:41)
at com.migrosWeb.test.pages.BasketPage.<init>(BasketPage.java:37)
at com.migrosWeb.test.pages.HomePage.<init>(HomePage.java:41)
at com.migrosWeb.test.pages.BasketPage.<init>(BasketPage.java:37)
at com.migrosWeb.test.pages.HomePage.<init>(HomePage.java:41)
at com.migrosWeb.test.pages.BasketPage.<init>(BasketPage.java:37)
at com.migrosWeb.test.pages.HomePage.<init>(HomePage.java:41)
at com.migrosWeb.test.pages.BasketPage.<init>(BasketPage.java:37)
at com.migrosWeb.test.pages.HomePage.<init>(HomePage.java:41)
at com.migrosWeb.test.pages.BasketPage.<init>(BasketPage.java:37)
at com.migrosWeb.test.pages.HomePage.<init>(HomePage.java:41)
at com.migrosWeb.test.pages.BasketPage.<init>(BasketPage.java:37)
at com.migrosWeb.test.pages.HomePage.<init>(HomePage.java:41)
at com.migrosWeb.test.pages.BasketPage.<init>(BasketPage.java:37)
at com.migrosWeb.test.pages.HomePage.<init>(HomePage.java:41)
at com.migrosWeb.test.pages.BasketPage.<init>(BasketPage.java:37)
at com.migrosWeb.test.pages.HomePage.<init>(HomePage.java:41)
at com.migrosWeb.test.pages.BasketPage.<init>(BasketPage.java:37)
at com.migrosWeb.test.pages.HomePage.<init>(HomePage.java:41)
at com.migrosWeb.test.pages.BasketPage.<init>(BasketPage.java:37)
at com.migrosWeb.test.pages.HomePage.<init>(HomePage.java:41)
at com.migrosWeb.test.pages.BasketPage.<init>(BasketPage.java:37)
at com.migrosWeb.test.pages.HomePage.<init>(HomePage.java:41)
at com.migrosWeb.test.pages.BasketPage.<init>(BasketPage.java:37)
at com.migrosWeb.test.pages.HomePage.<init>(HomePage.java:41)
at com.migrosWeb.test.pages.BasketPage.<init>(BasketPage.java:37)
at com.migrosWeb.test.pages.HomePage.<init>(HomePage.java:41)
at com.migrosWeb.test.pages.BasketPage.<init>(BasketPage.java:37)
at com.migrosWeb.test.pages.HomePage.<init>(HomePage.java:41)
at com.migrosWeb.test.pages.BasketPage.<init>(BasketPage.java:37)
at com.migrosWeb.test.pages.HomePage.<init>(HomePage.java:41)
at com.migrosWeb.test.pages.BasketPage.<init>(BasketPage.java:37)
at com.migrosWeb.test.pages.HomePage.<init>(HomePage.java:41)
at com.migrosWeb.test.pages.BasketPage.<init>(BasketPage.java:37)
at com.migrosWeb.test.pages.HomePage.<init>(HomePage.java:41)
at com.migrosWeb.test.pages.BasketPage.<init>(BasketPage.java:37)
at com.migrosWeb.test.pages.HomePage.<init>(HomePage.java:41)
at com.migrosWeb.test.pages.BasketPage.<init>(BasketPage.java:37)
at com.migrosWeb.test.pages.HomePage.<init>(HomePage.java:41)
at com.migrosWeb.test.pages.BasketPage.<init>(BasketPage.java:37)
at com.migrosWeb.test.pages.HomePage.<init>(HomePage.java:41)
at com.migrosWeb.test.pages.BasketPage.<init>(BasketPage.java:37)
at com.migrosWeb.test.pages.HomePage.<init>(HomePage.java:41)
at com.migrosWeb.test.pages.BasketPage.<init>(BasketPage.java:37)
at com.migrosWeb.test.pages.HomePage.<init>(HomePage.java:41)
at com.migrosWeb.test.pages.BasketPage.<init>(BasketPage.java:37)
at com.migrosWeb.test.pages.HomePage.<init>(HomePage.java:41)
at com.migrosWeb.test.pages.BasketPage.<init>(BasketPage.java:37)
at com.migrosWeb.test.pages.HomePage.<init>(HomePage.java:41)
at com.migrosWeb.test.pages.BasketPage.<init>(BasketPage.java:37)
at com.migrosWeb.test.pages.HomePage.<init>(HomePage.java:41)
at com.migrosWeb.test.pages.BasketPage.<init>(BasketPage.java:37)
at com.migrosWeb.test.pages.HomePage.<init>(HomePage.java:41)
at com.migrosWeb.test.pages.BasketPage.<init>(BasketPage.java:37)
at com.migrosWeb.test.pages.HomePage.<init>(HomePage.java:41)
at com.migrosWeb.test.pages.BasketPage.<init>(BasketPage.java:37)
at com.migrosWeb.test.pages.HomePage.<init>(HomePage.java:41)
at com.migrosWeb.test.pages.BasketPage.<init>(BasketPage.java:37)
at com.migrosWeb.test.pages.HomePage.<init>(HomePage.java:41)
at com.migrosWeb.test.pages.BasketPage.<init>(BasketPage.java:37)
at com.migrosWeb.test.pages.HomePage.<init>(HomePage.java:41)
at com.migrosWeb.test.pages.BasketPage.<init>(BasketPage.java:37)
at com.migrosWeb.test.pages.HomePage.<init>(HomePage.java:41)
at com.migrosWeb.test.pages.BasketPage.<init>(BasketPage.java:37)
at com.migrosWeb.test.pages.HomePage.<init>(HomePage.java:41)
at com.migrosWeb.test.pages.BasketPage.<init>(BasketPage.java:37)
at com.migrosWeb.test.pages.HomePage.<init>(HomePage.java:41)
at com.migrosWeb.test.pages.BasketPage.<init>(BasketPage.java:37)
at com.migrosWeb.test.pages.HomePage.<init>(HomePage.java:41)
at com.migrosWeb.test.pages.BasketPage.<init>(BasketPage.java:37)
at com.migrosWeb.test.pages.HomePage.<init>(HomePage.java:41)
at com.migrosWeb.test.pages.BasketPage.<init>(BasketPage.java:37)
at com.migrosWeb.test.pages.HomePage.<init>(HomePage.java:41)
at com.migrosWeb.test.pages.BasketPage.<init>(BasketPage.java:37)
at com.migrosWeb.test.pages.HomePage.<init>(HomePage.java:41)
at com.migrosWeb.test.pages.BasketPage.<init>(BasketPage.java:37)
at com.migrosWeb.test.pages.HomePage.<init>(HomePage.java:41)
at com.migrosWeb.test.pages.BasketPage.<init>(BasketPage.java:37)
at com.migrosWeb.test.pages.HomePage.<init>(HomePage.java:41)
at com.migrosWeb.test.pages.BasketPage.<init>(BasketPage.java:37)
at com.migrosWeb.test.pages.HomePage.<init>(HomePage.java:41)
at com.migrosWeb.test.pages.BasketPage.<init>(BasketPage.java:37)
at com.migrosWeb.test.pages.HomePage.<init>(HomePage.java:41)
at com.migrosWeb.test.pages.BasketPage.<init>(BasketPage.java:37)
at com.migrosWeb.test.pages.HomePage.<init>(HomePage.java:41)
at com.migrosWeb.test.pages.BasketPage.<init>(BasketPage.java:37)
at com.migrosWeb.test.pages.HomePage.<init>(HomePage.java:41)
at com.migrosWeb.test.pages.BasketPage.<init>(BasketPage.java:37)
at com.migrosWeb.test.pages.HomePage.<init>(HomePage.java:41)
at com.migrosWeb.test.pages.BasketPage.<init>(BasketPage.java:37)
at com.migrosWeb.test.pages.HomePage.<init>(HomePage.java:41)
at com.migrosWeb.test.pages.BasketPage.<init>(BasketPage.java:37)
at com.migrosWeb.test.pages.HomePage.<init>(HomePage.java:41)
at com.migrosWeb.test.pages.BasketPage.<init>(BasketPage.java:37)
at com.migrosWeb.test.pages.HomePage.<init>(HomePage.java:41)
at com.migrosWeb.test.pages.BasketPage.<init>(BasketPage.java:37)
at com.migrosWeb.test.pages.HomePage.<init>(HomePage.java:41)
at com.migrosWeb.test.pages.BasketPage.<init>(BasketPage.java:37)
at com.migrosWeb.test.pages.HomePage.<init>(HomePage.java:41)
at com.migrosWeb.test.pages.BasketPage.<init>(BasketPage.java:37)
at com.migrosWeb.test.pages.HomePage.<init>(HomePage.java:41)
at com.migrosWeb.test.pages.BasketPage.<init>(BasketPage.java:37)
at com.migrosWeb.test.pages.HomePage.<init>(HomePage.java:41)
at com.migrosWeb.test.pages.BasketPage.<init>(BasketPage.java:37)
at com.migrosWeb.test.pages.HomePage.<init>(HomePage.java:41)
at com.migrosWeb.test.pages.BasketPage.<init>(BasketPage.java:37)
at com.migrosWeb.test.pages.HomePage.<init>(HomePage.java:41)
at com.migrosWeb.test.pages.BasketPage.<init>(BasketPage.java:37)
at com.migrosWeb.test.pages.HomePage.<init>(HomePage.java:41)
at com.migrosWeb.test.pages.BasketPage.<init>(BasketPage.java:37)
at com.migrosWeb.test.pages.HomePage.<init>(HomePage.java:41)
at com.migrosWeb.test.pages.BasketPage.<init>(BasketPage.java:37)
at com.migrosWeb.test.pages.HomePage.<init>(HomePage.java:41)
at com.migrosWeb.test.pages.BasketPage.<init>(BasketPage.java:37)
at com.migrosWeb.test.pages.HomePage.<init>(HomePage.java:41)
at com.migrosWeb.test.pages.BasketPage.<init>(BasketPage.java:37)
at com.migrosWeb.test.pages.HomePage.<init>(HomePage.java:41)
at com.migrosWeb.test.pages.BasketPage.<init>(BasketPage.java:37)
at com.migrosWeb.test.pages.HomePage.<init>(HomePage.java:41)
at com.migrosWeb.test.pages.BasketPage.<init>(BasketPage.java:37)
at com.migrosWeb.test.pages.HomePage.<init>(HomePage.java:41)
at com.migrosWeb.test.pages.BasketPage.<init>(BasketPage.java:37)
at com.migrosWeb.test.pages.HomePage.<init>(HomePage.java:41)
at com.migrosWeb.test.pages.BasketPage.<init>(BasketPage.java:37)
at com.migrosWeb.test.pages.HomePage.<init>(HomePage.java:41)
at com.migrosWeb.test.pages.BasketPage.<init>(BasketPage.java:37)
at com.migrosWeb.test.pages.HomePage.<init>(HomePage.java:41)
at com.migrosWeb.test.pages.BasketPage.<init>(BasketPage.java:37)
at com.migrosWeb.test.pages.HomePage.<init>(HomePage.java:41)
at com.migrosWeb.test.pages.BasketPage.<init>(BasketPage.java:37)
at com.migrosWeb.test.pages.HomePage.<init>(HomePage.java:41)
at com.migrosWeb.test.pages.BasketPage.<init>(BasketPage.java:37)
at com.migrosWeb.test.pages.HomePage.<init>(HomePage.java:41)
at com.migrosWeb.test.pages.BasketPage.<init>(BasketPage.java:37)
at com.migrosWeb.test.pages.HomePage.<init>(HomePage.java:41)
at com.migrosWeb.test.pages.BasketPage.<init>(BasketPage.java:37)
at com.migrosWeb.test.pages.HomePage.<init>(HomePage.java:41)
at com.migrosWeb.test.pages.BasketPage.<init>(BasketPage.java:37)
at com.migrosWeb.test.pages.HomePage.<init>(HomePage.java:41)
at com.migrosWeb.test.pages.BasketPage.<init>(BasketPage.java:37)
at com.migrosWeb.test.pages.HomePage.<init>(HomePage.java:41)
at com.migrosWeb.test.pages.BasketPage.<init>(BasketPage.java:37)
at com.migrosWeb.test.pages.HomePage.<init>(HomePage.java:41)
at com.migrosWeb.test.pages.BasketPage.<init>(BasketPage.java:37)
at com.migrosWeb.test.pages.HomePage.<init>(HomePage.java:41)
at com.migrosWeb.test.pages.BasketPage.<init>(BasketPage.java:37)
at com.migrosWeb.test.pages.HomePage.<init>(HomePage.java:41)
at com.migrosWeb.test.pages.BasketPage.<init>(BasketPage.java:37)
at com.migrosWeb.test.pages.HomePage.<init>(HomePage.java:41)
at com.migrosWeb.test.pages.BasketPage.<init>(BasketPage.java:37)
at com.migrosWeb.test.pages.HomePage.<init>(HomePage.java:41)
at com.migrosWeb.test.pages.BasketPage.<init>(BasketPage.java:37)
at com.migrosWeb.test.pages.HomePage.<init>(HomePage.java:41)
at com.migrosWeb.test.pages.BasketPage.<init>(BasketPage.java:37)
at com.migrosWeb.test.pages.HomePage.<init>(HomePage.java:41)
at com.migrosWeb.test.pages.BasketPage.<init>(BasketPage.java:37)
at com.migrosWeb.test.pages.HomePage.<init>(HomePage.java:41)
at com.migrosWeb.test.pages.BasketPage.<init>(BasketPage.java:37)
at com.migrosWeb.test.pages.HomePage.<init>(HomePage.java:41)
at com.migrosWeb.test.pages.BasketPage.<init>(BasketPage.java:37)
at com.migrosWeb.test.pages.HomePage.<init>(HomePage.java:41)
at com.migrosWeb.test.pages.BasketPage.<init>(BasketPage.java:37)
at com.migrosWeb.test.pages.HomePage.<init>(HomePage.java:41)
at com.migrosWeb.test.pages.BasketPage.<init>(BasketPage.java:37)
at com.migrosWeb.test.pages.HomePage.<init>(HomePage.java:41)
at com.migrosWeb.test.pages.BasketPage.<init>(BasketPage.java:37)
at com.migrosWeb.test.pages.HomePage.<init>(HomePage.java:41)
at com.migrosWeb.test.pages.BasketPage.<init>(BasketPage.java:37)
at com.migrosWeb.test.pages.HomePage.<init>(HomePage.java:41)
at com.migrosWeb.test.pages.BasketPage.<init>(BasketPage.java:37)
at com.migrosWeb.test.pages.HomePage.<init>(HomePage.java:41)
at com.migrosWeb.test.pages.BasketPage.<init>(BasketPage.java:37)
at com.migrosWeb.test.pages.HomePage.<init>(HomePage.java:41)
at com.migrosWeb.test.pages.BasketPage.<init>(BasketPage.java:37)
at com.migrosWeb.test.pages.HomePage.<init>(HomePage.java:41)
at com.migrosWeb.test.pages.BasketPage.<init>(BasketPage.java:37)
at com.migrosWeb.test.pages.HomePage.<init>(HomePage.java:41)
at com.migrosWeb.test.pages.BasketPage.<init>(BasketPage.java:37)
at com.migrosWeb.test.pages.HomePage.<init>(HomePage.java:41)
at com.migrosWeb.test.pages.BasketPage.<init>(BasketPage.java:37)
at com.migrosWeb.test.pages.HomePage.<init>(HomePage.java:41)
at com.migrosWeb.test.pages.BasketPage.<init>(BasketPage.java:37)
at com.migrosWeb.test.pages.HomePage.<init>(HomePage.java:41)
at com.migrosWeb.test.pages.BasketPage.<init>(BasketPage.java:37)
at com.migrosWeb.test.pages.HomePage.<init>(HomePage.java:41)
at com.migrosWeb.test.pages.BasketPage.<init>(BasketPage.java:37)
at com.migrosWeb.test.pages.HomePage.<init>(HomePage.java:41)
at com.migrosWeb.test.pages.BasketPage.<init>(BasketPage.java:37)
at com.migrosWeb.test.pages.HomePage.<init>(HomePage.java:41)
at com.migrosWeb.test.pages.BasketPage.<init>(BasketPage.java:37)
at com.migrosWeb.test.pages.HomePage.<init>(HomePage.java:41)
at com.migrosWeb.test.pages.BasketPage.<init>(BasketPage.java:37)
at com.migrosWeb.test.pages.HomePage.<init>(HomePage.java:41)
at com.migrosWeb.test.pages.BasketPage.<init>(BasketPage.java:37)
at com.migrosWeb.test.pages.HomePage.<init>(HomePage.java:41)
at com.migrosWeb.test.pages.BasketPage.<init>(BasketPage.java:37)
at com.migrosWeb.test.pages.HomePage.<init>(HomePage.java:41)
at com.migrosWeb.test.pages.BasketPage.<init>(BasketPage.java:37)
at com.migrosWeb.test.pages.HomePage.<init>(HomePage.java:41)
at com.migrosWeb.test.pages.BasketPage.<init>(BasketPage.java:37)
at com.migrosWeb.test.pages.HomePage.<init>(HomePage.java:41)
at com.migrosWeb.test.pages.BasketPage.<init>(BasketPage.java:37)
at com.migrosWeb.test.pages.HomePage.<init>(HomePage.java:41)
at com.migrosWeb.test.pages.BasketPage.<init>(BasketPage.java:37)
at com.migrosWeb.test.pages.HomePage.<init>(HomePage.java:41)
at com.migrosWeb.test.pages.BasketPage.<init>(BasketPage.java:37)
at com.migrosWeb.test.pages.HomePage.<init>(HomePage.java:41)
at com.migrosWeb.test.pages.BasketPage.<init>(BasketPage.java:37)
at com.migrosWeb.test.pages.HomePage.<init>(HomePage.java:41)
at com.migrosWeb.test.pages.BasketPage.<init>(BasketPage.java:37)
at com.migrosWeb.test.pages.HomePage.<init>(HomePage.java:41)
at com.migrosWeb.test.pages.BasketPage.<init>(BasketPage.java:37)
at com.migrosWeb.test.pages.HomePage.<init>(HomePage.java:41)
at com.migrosWeb.test.pages.BasketPage.<init>(BasketPage.java:37)
at com.migrosWeb.test.pages.HomePage.<init>(HomePage.java:41)
at com.migrosWeb.test.pages.BasketPage.<init>(BasketPage.java:37)
at com.migrosWeb.test.pages.HomePage.<init>(HomePage.java:41)
at com.migrosWeb.test.pages.BasketPage.<init>(BasketPage.java:37)
at com.migrosWeb.test.pages.HomePage.<init>(HomePage.java:41)
at com.migrosWeb.test.pages.BasketPage.<init>(BasketPage.java:37)
at com.migrosWeb.test.pages.HomePage.<init>(HomePage.java:41)
at com.migrosWeb.test.pages.BasketPage.<init>(BasketPage.java:37)
at com.migrosWeb.test.pages.HomePage.<init>(HomePage.java:41)
at com.migrosWeb.test.pages.BasketPage.<init>(BasketPage.java:37)
at com.migrosWeb.test.pages.HomePage.<init>(HomePage.java:41)
at com.migrosWeb.test.pages.BasketPage.<init>(BasketPage.java:37)
at com.migrosWeb.test.pages.HomePage.<init>(HomePage.java:41)
at com.migrosWeb.test.pages.BasketPage.<init>(BasketPage.java:37)
at com.migrosWeb.test.pages.HomePage.<init>(HomePage.java:41)
at com.migrosWeb.test.pages.BasketPage.<init>(BasketPage.java:37)
at com.migrosWeb.test.pages.HomePage.<init>(HomePage.java:41)
at com.migrosWeb.test.pages.BasketPage.<init>(BasketPage.java:37)
at com.migrosWeb.test.pages.HomePage.<init>(HomePage.java:41)
at com.migrosWeb.test.pages.BasketPage.<init>(BasketPage.java:37)
at com.migrosWeb.test.pages.HomePage.<init>(HomePage.java:41)
at com.migrosWeb.test.pages.BasketPage.<init>(BasketPage.java:37)
at com.migrosWeb.test.pages.HomePage.<init>(HomePage.java:41)
at com.migrosWeb.test.pages.BasketPage.<init>(BasketPage.java:37)
at com.migrosWeb.test.pages.HomePage.<init>(HomePage.java:41)
at com.migrosWeb.test.pages.BasketPage.<init>(BasketPage.java:37)
at com.migrosWeb.test.pages.HomePage.<init>(HomePage.java:41)
at com.migrosWeb.test.pages.BasketPage.<init>(BasketPage.java:37)
at com.migrosWeb.test.pages.HomePage.<init>(HomePage.java:41)
at com.migrosWeb.test.pages.BasketPage.<init>(BasketPage.java:37)
at com.migrosWeb.test.pages.HomePage.<init>(HomePage.java:41)
at com.migrosWeb.test.pages.BasketPage.<init>(BasketPage.java:37)
at com.migrosWeb.test.pages.HomePage.<init>(HomePage.java:41)
at com.migrosWeb.test.pages.BasketPage.<init>(BasketPage.java:37)
at com.migrosWeb.test.pages.HomePage.<init>(HomePage.java:41)
at com.migrosWeb.test.pages.BasketPage.<init>(BasketPage.java:37)
at com.migrosWeb.test.pages.HomePage.<init>(HomePage.java:41)
at com.migrosWeb.test.pages.BasketPage.<init>(BasketPage.java:37)
at com.migrosWeb.test.pages.HomePage.<init>(HomePage.java:41)
at com.migrosWeb.test.pages.BasketPage.<init>(BasketPage.java:37)
at com.migrosWeb.test.pages.HomePage.<init>(HomePage.java:41)
at com.migrosWeb.test.pages.BasketPage.<init>(BasketPage.java:37)
at com.migrosWeb.test.pages.HomePage.<init>(HomePage.java:41)
at com.migrosWeb.test.pages.BasketPage.<init>(BasketPage.java:37)
at com.migrosWeb.test.pages.HomePage.<init>(HomePage.java:41)
at com.migrosWeb.test.pages.BasketPage.<init>(BasketPage.java:37)
at com.migrosWeb.test.pages.HomePage.<init>(HomePage.java:41)
at com.migrosWeb.test.pages.BasketPage.<init>(BasketPage.java:37)
at com.migrosWeb.test.pages.HomePage.<init>(HomePage.java:41)
at com.migrosWeb.test.pages.BasketPage.<init>(BasketPage.java:37)
at com.migrosWeb.test.pages.HomePage.<init>(HomePage.java:41)
at com.migrosWeb.test.pages.BasketPage.<init>(BasketPage.java:37)
at com.migrosWeb.test.pages.HomePage.<init>(HomePage.java:41)
at com.migrosWeb.test.pages.BasketPage.<init>(BasketPage.java:37)
at com.migrosWeb.test.pages.HomePage.<init>(HomePage.java:41)
at com.migrosWeb.test.pages.BasketPage.<init>(BasketPage.java:37)
at com.migrosWeb.test.pages.HomePage.<init>(HomePage.java:41)
at com.migrosWeb.test.pages.BasketPage.<init>(BasketPage.java:37)
at com.migrosWeb.test.pages.HomePage.<init>(HomePage.java:41)
at com.migrosWeb.test.pages.BasketPage.<init>(BasketPage.java:37)
at com.migrosWeb.test.pages.HomePage.<init>(HomePage.java:41)
at com.migrosWeb.test.pages.BasketPage.<init>(BasketPage.java:37)
at com.migrosWeb.test.pages.HomePage.<init>(HomePage.java:41)
at com.migrosWeb.test.pages.BasketPage.<init>(BasketPage.java:37)
at com.migrosWeb.test.pages.HomePage.<init>(HomePage.java:41)
at com.migrosWeb.test.pages.BasketPage.<init>(BasketPage.java:37)
at com.migrosWeb.test.pages.HomePage.<init>(HomePage.java:41)
at com.migrosWeb.test.pages.BasketPage.<init>(BasketPage.java:37)
at com.migrosWeb.test.pages.HomePage.<init>(HomePage.java:41)
at com.migrosWeb.test.pages.BasketPage.<init>(BasketPage.java:37)
at com.migrosWeb.test.pages.HomePage.<init>(HomePage.java:41)
at com.migrosWeb.test.pages.BasketPage.<init>(BasketPage.java:37)
at com.migrosWeb.test.pages.HomePage.<init>(HomePage.java:41)
at com.migrosWeb.test.pages.BasketPage.<init>(BasketPage.java:37)
at com.migrosWeb.test.pages.HomePage.<init>(HomePage.java:41)
at com.migrosWeb.test.pages.BasketPage.<init>(BasketPage.java:37)
at com.migrosWeb.test.pages.HomePage.<init>(HomePage.java:41)
at com.migrosWeb.test.pages.BasketPage.<init>(BasketPage.java:37)
at com.migrosWeb.test.pages.HomePage.<init>(HomePage.java:41)
at com.migrosWeb.test.pages.BasketPage.<init>(BasketPage.java:37)
at com.migrosWeb.test.pages.HomePage.<init>(HomePage.java:41)
at com.migrosWeb.test.pages.BasketPage.<init>(BasketPage.java:37)
at com.migrosWeb.test.pages.HomePage.<init>(HomePage.java:41)
at com.migrosWeb.test.pages.BasketPage.<init>(BasketPage.java:37)
at com.migrosWeb.test.pages.HomePage.<init>(HomePage.java:41)
at com.migrosWeb.test.pages.BasketPage.<init>(BasketPage.java:37)
at com.migrosWeb.test.pages.HomePage.<init>(HomePage.java:41)
at com.migrosWeb.test.pages.BasketPage.<init>(BasketPage.java:37)
at com.migrosWeb.test.pages.HomePage.<init>(HomePage.java:41)
at com.migrosWeb.test.pages.BasketPage.<init>(BasketPage.java:37)
at com.migrosWeb.test.pages.HomePage.<init>(HomePage.java:41)
at com.migrosWeb.test.pages.BasketPage.<init>(BasketPage.java:37)
at com.migrosWeb.test.pages.HomePage.<init>(HomePage.java:41)
at com.migrosWeb.test.pages.BasketPage.<init>(BasketPage.java:37)
at com.migrosWeb.test.pages.HomePage.<init>(HomePage.java:41)
at com.migrosWeb.test.pages.BasketPage.<init>(BasketPage.java:37)
at com.migrosWeb.test.pages.HomePage.<init>(HomePage.java:41)
at com.migrosWeb.test.pages.BasketPage.<init>(BasketPage.java:37)
at com.migrosWeb.test.pages.HomePage.<init>(HomePage.java:41)
at com.migrosWeb.test.pages.BasketPage.<init>(BasketPage.java:37)
at com.migrosWeb.test.pages.HomePage.<init>(HomePage.java:41)
at com.migrosWeb.test.pages.BasketPage.<init>(BasketPage.java:37)
at com.migrosWeb.test.pages.HomePage.<init>(HomePage.java:41)
at com.migrosWeb.test.pages.BasketPage.<init>(BasketPage.java:37)
at com.migrosWeb.test.pages.HomePage.<init>(HomePage.java:41)
at com.migrosWeb.test.pages.BasketPage.<init>(BasketPage.java:37)
at com.migrosWeb.test.pages.HomePage.<init>(HomePage.java:41)
at com.migrosWeb.test.pages.BasketPage.<init>(BasketPage.java:37)
at com.migrosWeb.test.pages.HomePage.<init>(HomePage.java:41)
at com.migrosWeb.test.pages.BasketPage.<init>(BasketPage.java:37)
at com.migrosWeb.test.pages.HomePage.<init>(HomePage.java:41)
at com.migrosWeb.test.pages.BasketPage.<init>(BasketPage.java:37)
at com.migrosWeb.test.pages.HomePage.<init>(HomePage.java:41)
at com.migrosWeb.test.pages.BasketPage.<init>(BasketPage.java:37)
at com.migrosWeb.test.pages.HomePage.<init>(HomePage.java:41)
at com.migrosWeb.test.pages.BasketPage.<init>(BasketPage.java:37)
at com.migrosWeb.test.pages.HomePage.<init>(HomePage.java:41)
at com.migrosWeb.test.pages.BasketPage.<init>(BasketPage.java:37)
at com.migrosWeb.test.pages.HomePage.<init>(HomePage.java:41)
at com.migrosWeb.test.pages.BasketPage.<init>(BasketPage.java:37)
at com.migrosWeb.test.pages.HomePage.<init>(HomePage.java:41)
at com.migrosWeb.test.pages.BasketPage.<init>(BasketPage.java:37)
at com.migrosWeb.test.pages.HomePage.<init>(HomePage.java:41)
at com.migrosWeb.test.pages.BasketPage.<init>(BasketPage.java:37)
at com.migrosWeb.test.pages.HomePage.<init>(HomePage.java:41)
at com.migrosWeb.test.pages.BasketPage.<init>(BasketPage.java:37)
at com.migrosWeb.test.pages.HomePage.<init>(HomePage.java:41)
at com.migrosWeb.test.pages.BasketPage.<init>(BasketPage.java:37)
at com.migrosWeb.test.pages.HomePage.<init>(HomePage.java:41)
at com.migrosWeb.test.pages.BasketPage.<init>(BasketPage.java:37)
at com.migrosWeb.test.pages.HomePage.<init>(HomePage.java:41)
at com.migrosWeb.test.pages.BasketPage.<init>(BasketPage.java:37)
at com.migrosWeb.test.pages.HomePage.<init>(HomePage.java:41)
at com.migrosWeb.test.pages.BasketPage.<init>(BasketPage.java:37)
at com.migrosWeb.test.pages.HomePage.<init>(HomePage.java:41)
at com.migrosWeb.test.pages.BasketPage.<init>(BasketPage.java:37)
at com.migrosWeb.test.pages.HomePage.<init>(HomePage.java:41)
at com.migrosWeb.test.pages.BasketPage.<init>(BasketPage.java:37)
at com.migrosWeb.test.pages.HomePage.<init>(HomePage.java:41)
at com.migrosWeb.test.pages.BasketPage.<init>(BasketPage.java:37)
at com.migrosWeb.test.pages.HomePage.<init>(HomePage.java:41)
at com.migrosWeb.test.pages.BasketPage.<init>(BasketPage.java:37)
at com.migrosWeb.test.pages.HomePage.<init>(HomePage.java:41)
at com.migrosWeb.test.pages.BasketPage.<init>(BasketPage.java:37)
at com.migrosWeb.test.pages.HomePage.<init>(HomePage.java:41)
at com.migrosWeb.test.pages.BasketPage.<init>(BasketPage.java:37)
at com.migrosWeb.test.pages.HomePage.<init>(HomePage.java:41)
at com.migrosWeb.test.pages.BasketPage.<init>(BasketPage.java:37)
at com.migrosWeb.test.pages.HomePage.<init>(HomePage.java:41)
at com.migrosWeb.test.pages.BasketPage.<init>(BasketPage.java:37)
at com.migrosWeb.test.pages.HomePage.<init>(HomePage.java:41)
at com.migrosWeb.test.pages.BasketPage.<init>(BasketPage.java:37)
at com.migrosWeb.test.pages.HomePage.<init>(HomePage.java:41)
at com.migrosWeb.test.pages.BasketPage.<init>(BasketPage.java:37)
at com.migrosWeb.test.pages.HomePage.<init>(HomePage.java:41)
at com.migrosWeb.test.pages.BasketPage.<init>(BasketPage.java:37)
at com.migrosWeb.test.pages.HomePage.<init>(HomePage.java:41)
at com.migrosWeb.test.pages.BasketPage.<init>(BasketPage.java:37)
at com.migrosWeb.test.pages.HomePage.<init>(HomePage.java:41)
at com.migrosWeb.test.pages.BasketPage.<init>(BasketPage.java:37)
at com.migrosWeb.test.pages.HomePage.<init>(HomePage.java:41)
at com.migrosWeb.test.pages.BasketPage.<init>(BasketPage.java:37)
at com.migrosWeb.test.pages.HomePage.<init>(HomePage.java:41)
at com.migrosWeb.test.pages.BasketPage.<init>(BasketPage.java:37)
at com.migrosWeb.test.pages.HomePage.<init>(HomePage.java:41)
at com.migrosWeb.test.pages.BasketPage.<init>(BasketPage.java:37)
at com.migrosWeb.test.pages.HomePage.<init>(HomePage.java:41)
at com.migrosWeb.test.pages.BasketPage.<init>(BasketPage.java:37)
at com.migrosWeb.test.pages.HomePage.<init>(HomePage.java:41)
at com.migrosWeb.test.pages.BasketPage.<init>(BasketPage.java:37)
at com.migrosWeb.test.pages.HomePage.<init>(HomePage.java:41)
at com.migrosWeb.test.pages.BasketPage.<init>(BasketPage.java:37)
at com.migrosWeb.test.pages.HomePage.<init>(HomePage.java:41)
at com.migrosWeb.test.pages.BasketPage.<init>(BasketPage.java:37)
at com.migrosWeb.test.pages.HomePage.<init>(HomePage.java:41)
at com.migrosWeb.test.pages.BasketPage.<init>(BasketPage.java:37)
at com.migrosWeb.test.pages.HomePage.<init>(HomePage.java:41)
at com.migrosWeb.test.pages.BasketPage.<init>(BasketPage.java:37)
at com.migrosWeb.test.pages.HomePage.<init>(HomePage.java:41)
at com.migrosWeb.test.pages.BasketPage.<init>(BasketPage.java:37)
at com.migrosWeb.test.pages.HomePage.<init>(HomePage.java:41)
at com.migrosWeb.test.pages.BasketPage.<init>(BasketPage.java:37)
at com.migrosWeb.test.pages.HomePage.<init>(HomePage.java:41)
at com.migrosWeb.test.pages.BasketPage.<init>(BasketPage.java:37)
at com.migrosWeb.test.pages.HomePage.<init>(HomePage.java:41)
at com.migrosWeb.test.pages.BasketPage.<init>(BasketPage.java:37)
at com.migrosWeb.test.pages.HomePage.<init>(HomePage.java:41)
at com.migrosWeb.test.pages.BasketPage.<init>(BasketPage.java:37)
at com.migrosWeb.test.pages.HomePage.<init>(HomePage.java:41)
at com.migrosWeb.test.pages.BasketPage.<init>(BasketPage.java:37)
at com.migrosWeb.test.pages.HomePage.<init>(HomePage.java:41)
at com.migrosWeb.test.pages.BasketPage.<init>(BasketPage.java:37)
at com.migrosWeb.test.pages.HomePage.<init>(HomePage.java:41)
at com.migrosWeb.test.pages.BasketPage.<init>(BasketPage.java:37)
at com.migrosWeb.test.pages.HomePage.<init>(HomePage.java:41)
at com.migrosWeb.test.pages.BasketPage.<init>(BasketPage.java:37)
at com.migrosWeb.test.pages.HomePage.<init>(HomePage.java:41)
at com.migrosWeb.test.pages.BasketPage.<init>(BasketPage.java:37)
at com.migrosWeb.test.pages.HomePage.<init>(HomePage.java:41)
at com.migrosWeb.test.pages.BasketPage.<init>(BasketPage.java:37)
at com.migrosWeb.test.pages.HomePage.<init>(HomePage.java:41)
at com.migrosWeb.test.pages.BasketPage.<init>(BasketPage.java:37)
at com.migrosWeb.test.pages.HomePage.<init>(HomePage.java:41)
at com.migrosWeb.test.pages.BasketPage.<init>(BasketPage.java:37)
at com.migrosWeb.test.pages.HomePage.<init>(HomePage.java:41)
at com.migrosWeb.test.pages.BasketPage.<init>(BasketPage.java:37)
at com.migrosWeb.test.pages.HomePage.<init>(HomePage.java:41)
at com.migrosWeb.test.pages.BasketPage.<init>(BasketPage.java:37)
at com.migrosWeb.test.pages.HomePage.<init>(HomePage.java:41)
at com.migrosWeb.test.pages.BasketPage.<init>(BasketPage.java:37)
at com.migrosWeb.test.pages.HomePage.<init>(HomePage.java:41)
at com.migrosWeb.test.pages.BasketPage.<init>(BasketPage.java:37)
at com.migrosWeb.test.pages.HomePage.<init>(HomePage.java:41)
at com.migrosWeb.test.pages.BasketPage.<init>(BasketPage.java:37)
at com.migrosWeb.test.pages.HomePage.<init>(HomePage.java:41)
at com.migrosWeb.test.pages.BasketPage.<init>(BasketPage.java:37)
at com.migrosWeb.test.pages.HomePage.<init>(HomePage.java:41)
at com.migrosWeb.test.pages.BasketPage.<init>(BasketPage.java:37)
at com.migrosWeb.test.pages.HomePage.<init>(HomePage.java:41)
at com.migrosWeb.test.pages.BasketPage.<init>(BasketPage.java:37)
at com.migrosWeb.test.pages.HomePage.<init>(HomePage.java:41)
at com.migrosWeb.test.pages.BasketPage.<init>(BasketPage.java:37)
at com.migrosWeb.test.pages.HomePage.<init>(HomePage.java:41)
at com.migrosWeb.test.pages.BasketPage.<init>(BasketPage.java:37)
at com.migrosWeb.test.pages.HomePage.<init>(HomePage.java:41)
at com.migrosWeb.test.pages.BasketPage.<init>(BasketPage.java:37)
at com.migrosWeb.test.pages.HomePage.<init>(HomePage.java:41)
at com.migrosWeb.test.pages.BasketPage.<init>(BasketPage.java:37)
at com.migrosWeb.test.pages.HomePage.<init>(HomePage.java:41)
at com.migrosWeb.test.pages.BasketPage.<init>(BasketPage.java:37)
at com.migrosWeb.test.pages.HomePage.<init>(HomePage.java:41)
at com.migrosWeb.test.pages.BasketPage.<init>(BasketPage.java:37)
at com.migrosWeb.test.pages.HomePage.<init>(HomePage.java:41)
at com.migrosWeb.test.pages.BasketPage.<init>(BasketPage.java:37)
at com.migrosWeb.test.pages.HomePage.<init>(HomePage.java:41)
at com.migrosWeb.test.pages.BasketPage.<init>(BasketPage.java:37)
at com.migrosWeb.test.pages.HomePage.<init>(HomePage.java:41)
at com.migrosWeb.test.pages.BasketPage.<init>(BasketPage.java:37)
at com.migrosWeb.test.pages.HomePage.<init>(HomePage.java:41)
at com.migrosWeb.test.pages.BasketPage.<init>(BasketPage.java:37)
at com.migrosWeb.test.pages.HomePage.<init>(HomePage.java:41)
at com.migrosWeb.test.pages.BasketPage.<init>(BasketPage.java:37)
at com.migrosWeb.test.pages.HomePage.<init>(HomePage.java:41)
at com.migrosWeb.test.pages.BasketPage.<init>(BasketPage.java:37)
at com.migrosWeb.test.pages.HomePage.<init>(HomePage.java:41)
at com.migrosWeb.test.pages.BasketPage.<init>(BasketPage.java:37)
at com.migrosWeb.test.pages.HomePage.<init>(HomePage.java:41)
at com.migrosWeb.test.pages.BasketPage.<init>(BasketPage.java:37)
at com.migrosWeb.test.pages.HomePage.<init>(HomePage.java:41)
at com.migrosWeb.test.pages.BasketPage.<init>(BasketPage.java:37)
at com.migrosWeb.test.pages.HomePage.<init>(HomePage.java:41)
at com.migrosWeb.test.pages.BasketPage.<init>(BasketPage.java:37)
at com.migrosWeb.test.pages.HomePage.<init>(HomePage.java:41)
]]>
    </error>
  </testcase> <!-- feature -->
  <system-out/>
</testsuite> <!-- com.migrosWeb.test.runner.TestRunner -->
